<?xml version="1.0" encoding="UTF-8"?>
<!-- Generated by org.testng.reporters.JUnitReportReporter -->
<testsuite hostname="PC283510" name="DataDriven_LC.WebTest" tests="4" failures="0" timestamp="1 Nov 2018 09:56:16 GMT" time="0.027" errors="0">
  <testcase name="testShipment" time="0.016" classname="DataDriven_LC.WebTest"/>
  <testcase name="testShipment" time="0.002" classname="DataDriven_LC.WebTest"/>
  <testcase name="testShipment" time="0.005" classname="DataDriven_LC.WebTest"/>
  <testcase name="testShipment" time="0.004" classname="DataDriven_LC.WebTest"/>
</testsuite> <!-- DataDriven_LC.WebTest -->
